2025-09-07 00:50:47,861 - MainThread - sqlmesh.core.config.connection - INFO - Creating new DuckDB adapter for data files: {'trail_trekker.db'} (connection.py:489)
2025-09-07 00:50:48,103 - MainThread - sqlmesh.core.config.connection - INFO - Creating new DuckDB adapter for in-memory database (connection.py:491)
2025-09-07 00:50:48,467 - MainThread - sqlmesh.core.config.connection - INFO - Using existing DuckDB adapter due to overlapping data file: trail_trekker.db (connection.py:479)
2025-09-07 00:50:48,480 - MainThread - sqlmesh.core.state_sync.db.migrator - INFO - Applying migration <module 'sqlmesh.migrations.v0001_init' from '/Users/atishdhamala/Trail Trekker Data Pipeline/.venv/lib/python3.11/site-packages/sqlmesh/migrations/v0001_init.py'> (migrator.py:177)
2025-09-07 00:50:48,485 - MainThread - sqlmesh.core.state_sync.db.migrator - INFO - Applying migration <module 'sqlmesh.migrations.v0002_remove_identify' from '/Users/atishdhamala/Trail Trekker Data Pipeline/.venv/lib/python3.11/site-packages/sqlmesh/migrations/v0002_remove_identify.py'> (migrator.py:177)
2025-09-07 00:50:48,485 - MainThread - sqlmesh.core.state_sync.db.migrator - INFO - Applying migration <module 'sqlmesh.migrations.v0003_move_batch_size' from '/Users/atishdhamala/Trail Trekker Data Pipeline/.venv/lib/python3.11/site-packages/sqlmesh/migrations/v0003_move_batch_size.py'> (migrator.py:177)
2025-09-07 00:50:48,485 - MainThread - sqlmesh.core.state_sync.db.migrator - INFO - Applying migration <module 'sqlmesh.migrations.v0004_environmnent_add_finalized_at' from '/Users/atishdhamala/Trail Trekker Data Pipeline/.venv/lib/python3.11/site-packages/sqlmesh/migrations/v0004_environmnent_add_finalized_at.py'> (migrator.py:177)
2025-09-07 00:50:48,486 - MainThread - sqlmesh.core.state_sync.db.migrator - INFO - Applying migration <module 'sqlmesh.migrations.v0005_create_seed_table' from '/Users/atishdhamala/Trail Trekker Data Pipeline/.venv/lib/python3.11/site-packages/sqlmesh/migrations/v0005_create_seed_table.py'> (migrator.py:177)
2025-09-07 00:50:48,486 - MainThread - sqlmesh.core.state_sync.db.migrator - INFO - Applying migration <module 'sqlmesh.migrations.v0006_change_seed_hash' from '/Users/atishdhamala/Trail Trekker Data Pipeline/.venv/lib/python3.11/site-packages/sqlmesh/migrations/v0006_change_seed_hash.py'> (migrator.py:177)
2025-09-07 00:50:48,486 - MainThread - sqlmesh.core.state_sync.db.migrator - INFO - Applying migration <module 'sqlmesh.migrations.v0007_env_table_info_to_kind' from '/Users/atishdhamala/Trail Trekker Data Pipeline/.venv/lib/python3.11/site-packages/sqlmesh/migrations/v0007_env_table_info_to_kind.py'> (migrator.py:177)
2025-09-07 00:50:48,487 - MainThread - sqlmesh.core.state_sync.db.migrator - INFO - Applying migration <module 'sqlmesh.migrations.v0008_create_intervals_table' from '/Users/atishdhamala/Trail Trekker Data Pipeline/.venv/lib/python3.11/site-packages/sqlmesh/migrations/v0008_create_intervals_table.py'> (migrator.py:177)
2025-09-07 00:50:48,488 - MainThread - sqlmesh.core.state_sync.db.migrator - INFO - Applying migration <module 'sqlmesh.migrations.v0009_remove_pre_post_hooks' from '/Users/atishdhamala/Trail Trekker Data Pipeline/.venv/lib/python3.11/site-packages/sqlmesh/migrations/v0009_remove_pre_post_hooks.py'> (migrator.py:177)
2025-09-07 00:50:48,489 - MainThread - sqlmesh.core.state_sync.db.migrator - INFO - Applying migration <module 'sqlmesh.migrations.v0010_seed_hash_batch_size' from '/Users/atishdhamala/Trail Trekker Data Pipeline/.venv/lib/python3.11/site-packages/sqlmesh/migrations/v0010_seed_hash_batch_size.py'> (migrator.py:177)
2025-09-07 00:50:48,489 - MainThread - sqlmesh.core.state_sync.db.migrator - INFO - Applying migration <module 'sqlmesh.migrations.v0011_add_model_kind_name' from '/Users/atishdhamala/Trail Trekker Data Pipeline/.venv/lib/python3.11/site-packages/sqlmesh/migrations/v0011_add_model_kind_name.py'> (migrator.py:177)
2025-09-07 00:50:48,489 - MainThread - sqlmesh.core.state_sync.db.migrator - INFO - Applying migration <module 'sqlmesh.migrations.v0012_update_jinja_expressions' from '/Users/atishdhamala/Trail Trekker Data Pipeline/.venv/lib/python3.11/site-packages/sqlmesh/migrations/v0012_update_jinja_expressions.py'> (migrator.py:177)
2025-09-07 00:50:48,490 - MainThread - sqlmesh.core.state_sync.db.migrator - INFO - Applying migration <module 'sqlmesh.migrations.v0013_serde_using_model_dialects' from '/Users/atishdhamala/Trail Trekker Data Pipeline/.venv/lib/python3.11/site-packages/sqlmesh/migrations/v0013_serde_using_model_dialects.py'> (migrator.py:177)
2025-09-07 00:50:48,490 - MainThread - sqlmesh.core.state_sync.db.migrator - INFO - Applying migration <module 'sqlmesh.migrations.v0014_fix_dev_intervals' from '/Users/atishdhamala/Trail Trekker Data Pipeline/.venv/lib/python3.11/site-packages/sqlmesh/migrations/v0014_fix_dev_intervals.py'> (migrator.py:177)
2025-09-07 00:50:48,490 - MainThread - sqlmesh.core.state_sync.db.migrator - INFO - Applying migration <module 'sqlmesh.migrations.v0015_environment_add_promoted_snapshot_ids' from '/Users/atishdhamala/Trail Trekker Data Pipeline/.venv/lib/python3.11/site-packages/sqlmesh/migrations/v0015_environment_add_promoted_snapshot_ids.py'> (migrator.py:177)
2025-09-07 00:50:48,491 - MainThread - sqlmesh.core.state_sync.db.migrator - INFO - Applying migration <module 'sqlmesh.migrations.v0016_fix_windows_path' from '/Users/atishdhamala/Trail Trekker Data Pipeline/.venv/lib/python3.11/site-packages/sqlmesh/migrations/v0016_fix_windows_path.py'> (migrator.py:177)
2025-09-07 00:50:48,491 - MainThread - sqlmesh.core.state_sync.db.migrator - INFO - Applying migration <module 'sqlmesh.migrations.v0017_fix_windows_seed_path' from '/Users/atishdhamala/Trail Trekker Data Pipeline/.venv/lib/python3.11/site-packages/sqlmesh/migrations/v0017_fix_windows_seed_path.py'> (migrator.py:177)
2025-09-07 00:50:48,491 - MainThread - sqlmesh.core.state_sync.db.migrator - INFO - Applying migration <module 'sqlmesh.migrations.v0018_rename_snapshot_model_to_node' from '/Users/atishdhamala/Trail Trekker Data Pipeline/.venv/lib/python3.11/site-packages/sqlmesh/migrations/v0018_rename_snapshot_model_to_node.py'> (migrator.py:177)
2025-09-07 00:50:48,492 - MainThread - sqlmesh.core.state_sync.db.migrator - INFO - Applying migration <module 'sqlmesh.migrations.v0019_add_env_suffix_target' from '/Users/atishdhamala/Trail Trekker Data Pipeline/.venv/lib/python3.11/site-packages/sqlmesh/migrations/v0019_add_env_suffix_target.py'> (migrator.py:177)
2025-09-07 00:50:48,492 - MainThread - sqlmesh.core.state_sync.db.migrator - INFO - Applying migration <module 'sqlmesh.migrations.v0020_remove_redundant_attributes_from_dbt_models' from '/Users/atishdhamala/Trail Trekker Data Pipeline/.venv/lib/python3.11/site-packages/sqlmesh/migrations/v0020_remove_redundant_attributes_from_dbt_models.py'> (migrator.py:177)
2025-09-07 00:50:48,493 - MainThread - sqlmesh.core.state_sync.db.migrator - INFO - Applying migration <module 'sqlmesh.migrations.v0021_fix_table_properties' from '/Users/atishdhamala/Trail Trekker Data Pipeline/.venv/lib/python3.11/site-packages/sqlmesh/migrations/v0021_fix_table_properties.py'> (migrator.py:177)
2025-09-07 00:50:48,493 - MainThread - sqlmesh.core.state_sync.db.migrator - INFO - Applying migration <module 'sqlmesh.migrations.v0022_move_project_to_model' from '/Users/atishdhamala/Trail Trekker Data Pipeline/.venv/lib/python3.11/site-packages/sqlmesh/migrations/v0022_move_project_to_model.py'> (migrator.py:177)
2025-09-07 00:50:48,494 - MainThread - sqlmesh.core.state_sync.db.migrator - INFO - Applying migration <module 'sqlmesh.migrations.v0023_fix_added_models_with_forward_only_parents' from '/Users/atishdhamala/Trail Trekker Data Pipeline/.venv/lib/python3.11/site-packages/sqlmesh/migrations/v0023_fix_added_models_with_forward_only_parents.py'> (migrator.py:177)
2025-09-07 00:50:48,494 - MainThread - sqlmesh.core.state_sync.db.migrator - INFO - Applying migration <module 'sqlmesh.migrations.v0024_replace_model_kind_name_enum_with_value' from '/Users/atishdhamala/Trail Trekker Data Pipeline/.venv/lib/python3.11/site-packages/sqlmesh/migrations/v0024_replace_model_kind_name_enum_with_value.py'> (migrator.py:177)
2025-09-07 00:50:48,494 - MainThread - sqlmesh.core.state_sync.db.migrator - INFO - Applying migration <module 'sqlmesh.migrations.v0025_fix_intervals_and_missing_change_category' from '/Users/atishdhamala/Trail Trekker Data Pipeline/.venv/lib/python3.11/site-packages/sqlmesh/migrations/v0025_fix_intervals_and_missing_change_category.py'> (migrator.py:177)
2025-09-07 00:50:48,495 - MainThread - sqlmesh.core.state_sync.db.migrator - INFO - Applying migration <module 'sqlmesh.migrations.v0026_remove_dialect_from_seed' from '/Users/atishdhamala/Trail Trekker Data Pipeline/.venv/lib/python3.11/site-packages/sqlmesh/migrations/v0026_remove_dialect_from_seed.py'> (migrator.py:177)
2025-09-07 00:50:48,495 - MainThread - sqlmesh.core.state_sync.db.migrator - INFO - Applying migration <module 'sqlmesh.migrations.v0027_minute_interval_to_five' from '/Users/atishdhamala/Trail Trekker Data Pipeline/.venv/lib/python3.11/site-packages/sqlmesh/migrations/v0027_minute_interval_to_five.py'> (migrator.py:177)
2025-09-07 00:50:48,495 - MainThread - sqlmesh.core.state_sync.db.migrator - INFO - Applying migration <module 'sqlmesh.migrations.v0028_add_plan_dags_table' from '/Users/atishdhamala/Trail Trekker Data Pipeline/.venv/lib/python3.11/site-packages/sqlmesh/migrations/v0028_add_plan_dags_table.py'> (migrator.py:177)
2025-09-07 00:50:48,496 - MainThread - sqlmesh.core.state_sync.db.migrator - INFO - Applying migration <module 'sqlmesh.migrations.v0029_generate_schema_types_using_dialect' from '/Users/atishdhamala/Trail Trekker Data Pipeline/.venv/lib/python3.11/site-packages/sqlmesh/migrations/v0029_generate_schema_types_using_dialect.py'> (migrator.py:177)
2025-09-07 00:50:48,496 - MainThread - sqlmesh.core.state_sync.db.migrator - INFO - Applying migration <module 'sqlmesh.migrations.v0030_update_unrestorable_snapshots' from '/Users/atishdhamala/Trail Trekker Data Pipeline/.venv/lib/python3.11/site-packages/sqlmesh/migrations/v0030_update_unrestorable_snapshots.py'> (migrator.py:177)
2025-09-07 00:50:48,497 - MainThread - sqlmesh.core.state_sync.db.migrator - INFO - Applying migration <module 'sqlmesh.migrations.v0031_remove_dbt_target_fields' from '/Users/atishdhamala/Trail Trekker Data Pipeline/.venv/lib/python3.11/site-packages/sqlmesh/migrations/v0031_remove_dbt_target_fields.py'> (migrator.py:177)
2025-09-07 00:50:48,497 - MainThread - sqlmesh.core.state_sync.db.migrator - INFO - Applying migration <module 'sqlmesh.migrations.v0032_add_sqlmesh_version' from '/Users/atishdhamala/Trail Trekker Data Pipeline/.venv/lib/python3.11/site-packages/sqlmesh/migrations/v0032_add_sqlmesh_version.py'> (migrator.py:177)
2025-09-07 00:50:48,497 - MainThread - sqlmesh.core.state_sync.db.migrator - INFO - Applying migration <module 'sqlmesh.migrations.v0033_mysql_fix_blob_text_type' from '/Users/atishdhamala/Trail Trekker Data Pipeline/.venv/lib/python3.11/site-packages/sqlmesh/migrations/v0033_mysql_fix_blob_text_type.py'> (migrator.py:177)
2025-09-07 00:50:48,497 - MainThread - sqlmesh.core.state_sync.db.migrator - INFO - Applying migration <module 'sqlmesh.migrations.v0034_add_default_catalog' from '/Users/atishdhamala/Trail Trekker Data Pipeline/.venv/lib/python3.11/site-packages/sqlmesh/migrations/v0034_add_default_catalog.py'> (migrator.py:177)
2025-09-07 00:50:48,499 - MainThread - sqlmesh.core.state_sync.db.migrator - INFO - Applying migration <module 'sqlmesh.migrations.v0035_add_catalog_name_override' from '/Users/atishdhamala/Trail Trekker Data Pipeline/.venv/lib/python3.11/site-packages/sqlmesh/migrations/v0035_add_catalog_name_override.py'> (migrator.py:177)
2025-09-07 00:50:48,499 - MainThread - sqlmesh.core.state_sync.db.migrator - INFO - Applying migration <module 'sqlmesh.migrations.v0036_delete_plan_dags_bug_fix' from '/Users/atishdhamala/Trail Trekker Data Pipeline/.venv/lib/python3.11/site-packages/sqlmesh/migrations/v0036_delete_plan_dags_bug_fix.py'> (migrator.py:177)
2025-09-07 00:50:48,499 - MainThread - sqlmesh.core.state_sync.db.migrator - INFO - Applying migration <module 'sqlmesh.migrations.v0037_remove_dbt_is_incremental_macro' from '/Users/atishdhamala/Trail Trekker Data Pipeline/.venv/lib/python3.11/site-packages/sqlmesh/migrations/v0037_remove_dbt_is_incremental_macro.py'> (migrator.py:177)
2025-09-07 00:50:48,500 - MainThread - sqlmesh.core.state_sync.db.migrator - INFO - Applying migration <module 'sqlmesh.migrations.v0038_add_expiration_ts_to_snapshot' from '/Users/atishdhamala/Trail Trekker Data Pipeline/.venv/lib/python3.11/site-packages/sqlmesh/migrations/v0038_add_expiration_ts_to_snapshot.py'> (migrator.py:177)
2025-09-07 00:50:48,500 - MainThread - sqlmesh.core.state_sync.db.migrator - INFO - Applying migration <module 'sqlmesh.migrations.v0039_include_environment_in_plan_dag_spec' from '/Users/atishdhamala/Trail Trekker Data Pipeline/.venv/lib/python3.11/site-packages/sqlmesh/migrations/v0039_include_environment_in_plan_dag_spec.py'> (migrator.py:177)
2025-09-07 00:50:48,501 - MainThread - sqlmesh.core.state_sync.db.migrator - INFO - Applying migration <module 'sqlmesh.migrations.v0040_add_previous_finalized_snapshots' from '/Users/atishdhamala/Trail Trekker Data Pipeline/.venv/lib/python3.11/site-packages/sqlmesh/migrations/v0040_add_previous_finalized_snapshots.py'> (migrator.py:177)
2025-09-07 00:50:48,501 - MainThread - sqlmesh.core.state_sync.db.migrator - INFO - Applying migration <module 'sqlmesh.migrations.v0041_remove_hash_raw_query_attribute' from '/Users/atishdhamala/Trail Trekker Data Pipeline/.venv/lib/python3.11/site-packages/sqlmesh/migrations/v0041_remove_hash_raw_query_attribute.py'> (migrator.py:177)
2025-09-07 00:50:48,501 - MainThread - sqlmesh.core.state_sync.db.migrator - INFO - Applying migration <module 'sqlmesh.migrations.v0042_trim_indirect_versions' from '/Users/atishdhamala/Trail Trekker Data Pipeline/.venv/lib/python3.11/site-packages/sqlmesh/migrations/v0042_trim_indirect_versions.py'> (migrator.py:177)
2025-09-07 00:50:48,501 - MainThread - sqlmesh.core.state_sync.db.migrator - INFO - Applying migration <module 'sqlmesh.migrations.v0043_fix_remove_obsolete_attributes_in_plan_dags' from '/Users/atishdhamala/Trail Trekker Data Pipeline/.venv/lib/python3.11/site-packages/sqlmesh/migrations/v0043_fix_remove_obsolete_attributes_in_plan_dags.py'> (migrator.py:177)
2025-09-07 00:50:48,502 - MainThread - sqlmesh.core.state_sync.db.migrator - INFO - Applying migration <module 'sqlmesh.migrations.v0044_quote_identifiers_in_model_attributes' from '/Users/atishdhamala/Trail Trekker Data Pipeline/.venv/lib/python3.11/site-packages/sqlmesh/migrations/v0044_quote_identifiers_in_model_attributes.py'> (migrator.py:177)
2025-09-07 00:50:48,502 - MainThread - sqlmesh.core.state_sync.db.migrator - INFO - Applying migration <module 'sqlmesh.migrations.v0045_move_gateway_variable' from '/Users/atishdhamala/Trail Trekker Data Pipeline/.venv/lib/python3.11/site-packages/sqlmesh/migrations/v0045_move_gateway_variable.py'> (migrator.py:177)
2025-09-07 00:50:48,502 - MainThread - sqlmesh.core.state_sync.db.migrator - INFO - Applying migration <module 'sqlmesh.migrations.v0046_add_batch_concurrency' from '/Users/atishdhamala/Trail Trekker Data Pipeline/.venv/lib/python3.11/site-packages/sqlmesh/migrations/v0046_add_batch_concurrency.py'> (migrator.py:177)
2025-09-07 00:50:48,502 - MainThread - sqlmesh.core.state_sync.db.migrator - INFO - Applying migration <module 'sqlmesh.migrations.v0047_change_scd_string_to_column' from '/Users/atishdhamala/Trail Trekker Data Pipeline/.venv/lib/python3.11/site-packages/sqlmesh/migrations/v0047_change_scd_string_to_column.py'> (migrator.py:177)
2025-09-07 00:50:48,502 - MainThread - sqlmesh.core.state_sync.db.migrator - INFO - Applying migration <module 'sqlmesh.migrations.v0048_drop_indirect_versions' from '/Users/atishdhamala/Trail Trekker Data Pipeline/.venv/lib/python3.11/site-packages/sqlmesh/migrations/v0048_drop_indirect_versions.py'> (migrator.py:177)
2025-09-07 00:50:48,502 - MainThread - sqlmesh.core.state_sync.db.migrator - INFO - Applying migration <module 'sqlmesh.migrations.v0049_replace_identifier_with_version_in_seeds_table' from '/Users/atishdhamala/Trail Trekker Data Pipeline/.venv/lib/python3.11/site-packages/sqlmesh/migrations/v0049_replace_identifier_with_version_in_seeds_table.py'> (migrator.py:177)
2025-09-07 00:50:48,505 - MainThread - sqlmesh.core.state_sync.db.migrator - INFO - Applying migration <module 'sqlmesh.migrations.v0050_drop_seeds_table' from '/Users/atishdhamala/Trail Trekker Data Pipeline/.venv/lib/python3.11/site-packages/sqlmesh/migrations/v0050_drop_seeds_table.py'> (migrator.py:177)
2025-09-07 00:50:48,505 - MainThread - sqlmesh.core.state_sync.db.migrator - INFO - Applying migration <module 'sqlmesh.migrations.v0051_rename_column_descriptions' from '/Users/atishdhamala/Trail Trekker Data Pipeline/.venv/lib/python3.11/site-packages/sqlmesh/migrations/v0051_rename_column_descriptions.py'> (migrator.py:177)
2025-09-07 00:50:48,506 - MainThread - sqlmesh.core.state_sync.db.migrator - INFO - Applying migration <module 'sqlmesh.migrations.v0052_add_normalize_name_in_environment_naming_info' from '/Users/atishdhamala/Trail Trekker Data Pipeline/.venv/lib/python3.11/site-packages/sqlmesh/migrations/v0052_add_normalize_name_in_environment_naming_info.py'> (migrator.py:177)
2025-09-07 00:50:48,506 - MainThread - sqlmesh.core.state_sync.db.migrator - INFO - Applying migration <module 'sqlmesh.migrations.v0053_custom_model_kind_extra_attributes' from '/Users/atishdhamala/Trail Trekker Data Pipeline/.venv/lib/python3.11/site-packages/sqlmesh/migrations/v0053_custom_model_kind_extra_attributes.py'> (migrator.py:177)
2025-09-07 00:50:48,506 - MainThread - sqlmesh.core.state_sync.db.migrator - INFO - Applying migration <module 'sqlmesh.migrations.v0054_fix_trailing_comments' from '/Users/atishdhamala/Trail Trekker Data Pipeline/.venv/lib/python3.11/site-packages/sqlmesh/migrations/v0054_fix_trailing_comments.py'> (migrator.py:177)
2025-09-07 00:50:48,506 - MainThread - sqlmesh.core.state_sync.db.migrator - INFO - Applying migration <module 'sqlmesh.migrations.v0055_add_updated_ts_unpaused_ts_ttl_ms_unrestorable_to_snapshot' from '/Users/atishdhamala/Trail Trekker Data Pipeline/.venv/lib/python3.11/site-packages/sqlmesh/migrations/v0055_add_updated_ts_unpaused_ts_ttl_ms_unrestorable_to_snapshot.py'> (migrator.py:177)
2025-09-07 00:50:48,507 - MainThread - sqlmesh.core.state_sync.db.migrator - INFO - Applying migration <module 'sqlmesh.migrations.v0056_restore_table_indexes' from '/Users/atishdhamala/Trail Trekker Data Pipeline/.venv/lib/python3.11/site-packages/sqlmesh/migrations/v0056_restore_table_indexes.py'> (migrator.py:177)
2025-09-07 00:50:48,507 - MainThread - sqlmesh.core.state_sync.db.migrator - INFO - Applying migration <module 'sqlmesh.migrations.v0057_add_table_format' from '/Users/atishdhamala/Trail Trekker Data Pipeline/.venv/lib/python3.11/site-packages/sqlmesh/migrations/v0057_add_table_format.py'> (migrator.py:177)
2025-09-07 00:50:48,507 - MainThread - sqlmesh.core.state_sync.db.migrator - INFO - Applying migration <module 'sqlmesh.migrations.v0058_add_requirements' from '/Users/atishdhamala/Trail Trekker Data Pipeline/.venv/lib/python3.11/site-packages/sqlmesh/migrations/v0058_add_requirements.py'> (migrator.py:177)
2025-09-07 00:50:48,508 - MainThread - sqlmesh.core.state_sync.db.migrator - INFO - Applying migration <module 'sqlmesh.migrations.v0059_add_physical_version' from '/Users/atishdhamala/Trail Trekker Data Pipeline/.venv/lib/python3.11/site-packages/sqlmesh/migrations/v0059_add_physical_version.py'> (migrator.py:177)
2025-09-07 00:50:48,508 - MainThread - sqlmesh.core.state_sync.db.migrator - INFO - Applying migration <module 'sqlmesh.migrations.v0060_move_audits_to_model' from '/Users/atishdhamala/Trail Trekker Data Pipeline/.venv/lib/python3.11/site-packages/sqlmesh/migrations/v0060_move_audits_to_model.py'> (migrator.py:177)
2025-09-07 00:50:48,508 - MainThread - sqlmesh.core.state_sync.db.migrator - INFO - Applying migration <module 'sqlmesh.migrations.v0061_mysql_fix_blob_text_type' from '/Users/atishdhamala/Trail Trekker Data Pipeline/.venv/lib/python3.11/site-packages/sqlmesh/migrations/v0061_mysql_fix_blob_text_type.py'> (migrator.py:177)
2025-09-07 00:50:48,508 - MainThread - sqlmesh.core.state_sync.db.migrator - INFO - Applying migration <module 'sqlmesh.migrations.v0062_add_model_gateway' from '/Users/atishdhamala/Trail Trekker Data Pipeline/.venv/lib/python3.11/site-packages/sqlmesh/migrations/v0062_add_model_gateway.py'> (migrator.py:177)
2025-09-07 00:50:48,508 - MainThread - sqlmesh.core.state_sync.db.migrator - INFO - Applying migration <module 'sqlmesh.migrations.v0063_change_signals' from '/Users/atishdhamala/Trail Trekker Data Pipeline/.venv/lib/python3.11/site-packages/sqlmesh/migrations/v0063_change_signals.py'> (migrator.py:177)
2025-09-07 00:50:48,509 - MainThread - sqlmesh.core.state_sync.db.migrator - INFO - Applying migration <module 'sqlmesh.migrations.v0064_join_when_matched_strings' from '/Users/atishdhamala/Trail Trekker Data Pipeline/.venv/lib/python3.11/site-packages/sqlmesh/migrations/v0064_join_when_matched_strings.py'> (migrator.py:177)
2025-09-07 00:50:48,509 - MainThread - sqlmesh.core.state_sync.db.migrator - INFO - Applying migration <module 'sqlmesh.migrations.v0065_add_model_optimize' from '/Users/atishdhamala/Trail Trekker Data Pipeline/.venv/lib/python3.11/site-packages/sqlmesh/migrations/v0065_add_model_optimize.py'> (migrator.py:177)
2025-09-07 00:50:48,509 - MainThread - sqlmesh.core.state_sync.db.migrator - INFO - Applying migration <module 'sqlmesh.migrations.v0066_add_auto_restatements' from '/Users/atishdhamala/Trail Trekker Data Pipeline/.venv/lib/python3.11/site-packages/sqlmesh/migrations/v0066_add_auto_restatements.py'> (migrator.py:177)
2025-09-07 00:50:48,510 - MainThread - sqlmesh.core.state_sync.db.migrator - INFO - Applying migration <module 'sqlmesh.migrations.v0067_add_tsql_date_full_precision' from '/Users/atishdhamala/Trail Trekker Data Pipeline/.venv/lib/python3.11/site-packages/sqlmesh/migrations/v0067_add_tsql_date_full_precision.py'> (migrator.py:177)
2025-09-07 00:50:48,510 - MainThread - sqlmesh.core.state_sync.db.migrator - INFO - Applying migration <module 'sqlmesh.migrations.v0068_include_unrendered_query_in_metadata_hash' from '/Users/atishdhamala/Trail Trekker Data Pipeline/.venv/lib/python3.11/site-packages/sqlmesh/migrations/v0068_include_unrendered_query_in_metadata_hash.py'> (migrator.py:177)
2025-09-07 00:50:48,510 - MainThread - sqlmesh.core.state_sync.db.migrator - INFO - Applying migration <module 'sqlmesh.migrations.v0069_update_dev_table_suffix' from '/Users/atishdhamala/Trail Trekker Data Pipeline/.venv/lib/python3.11/site-packages/sqlmesh/migrations/v0069_update_dev_table_suffix.py'> (migrator.py:177)
2025-09-07 00:50:48,512 - MainThread - sqlmesh.core.state_sync.db.migrator - INFO - Applying migration <module 'sqlmesh.migrations.v0070_include_grains_in_metadata_hash' from '/Users/atishdhamala/Trail Trekker Data Pipeline/.venv/lib/python3.11/site-packages/sqlmesh/migrations/v0070_include_grains_in_metadata_hash.py'> (migrator.py:177)
2025-09-07 00:50:48,512 - MainThread - sqlmesh.core.state_sync.db.migrator - INFO - Applying migration <module 'sqlmesh.migrations.v0071_add_dev_version_to_intervals' from '/Users/atishdhamala/Trail Trekker Data Pipeline/.venv/lib/python3.11/site-packages/sqlmesh/migrations/v0071_add_dev_version_to_intervals.py'> (migrator.py:177)
2025-09-07 00:50:48,513 - MainThread - sqlmesh.core.state_sync.db.migrator - INFO - Applying migration <module 'sqlmesh.migrations.v0072_add_environment_statements' from '/Users/atishdhamala/Trail Trekker Data Pipeline/.venv/lib/python3.11/site-packages/sqlmesh/migrations/v0072_add_environment_statements.py'> (migrator.py:177)
2025-09-07 00:50:48,514 - MainThread - sqlmesh.core.state_sync.db.migrator - INFO - Applying migration <module 'sqlmesh.migrations.v0073_remove_symbolic_disable_restatement' from '/Users/atishdhamala/Trail Trekker Data Pipeline/.venv/lib/python3.11/site-packages/sqlmesh/migrations/v0073_remove_symbolic_disable_restatement.py'> (migrator.py:177)
2025-09-07 00:50:48,514 - MainThread - sqlmesh.core.state_sync.db.migrator - INFO - Applying migration <module 'sqlmesh.migrations.v0074_add_partition_by_time_column_property' from '/Users/atishdhamala/Trail Trekker Data Pipeline/.venv/lib/python3.11/site-packages/sqlmesh/migrations/v0074_add_partition_by_time_column_property.py'> (migrator.py:177)
2025-09-07 00:50:48,514 - MainThread - sqlmesh.core.state_sync.db.migrator - INFO - Applying migration <module 'sqlmesh.migrations.v0075_remove_validate_query' from '/Users/atishdhamala/Trail Trekker Data Pipeline/.venv/lib/python3.11/site-packages/sqlmesh/migrations/v0075_remove_validate_query.py'> (migrator.py:177)
2025-09-07 00:50:48,515 - MainThread - sqlmesh.core.state_sync.db.migrator - INFO - Applying migration <module 'sqlmesh.migrations.v0076_add_cron_tz' from '/Users/atishdhamala/Trail Trekker Data Pipeline/.venv/lib/python3.11/site-packages/sqlmesh/migrations/v0076_add_cron_tz.py'> (migrator.py:177)
2025-09-07 00:50:48,515 - MainThread - sqlmesh.core.state_sync.db.migrator - INFO - Applying migration <module 'sqlmesh.migrations.v0077_fix_column_type_hash_calculation' from '/Users/atishdhamala/Trail Trekker Data Pipeline/.venv/lib/python3.11/site-packages/sqlmesh/migrations/v0077_fix_column_type_hash_calculation.py'> (migrator.py:177)
2025-09-07 00:50:48,515 - MainThread - sqlmesh.core.state_sync.db.migrator - INFO - Applying migration <module 'sqlmesh.migrations.v0078_warn_if_non_migratable_python_env' from '/Users/atishdhamala/Trail Trekker Data Pipeline/.venv/lib/python3.11/site-packages/sqlmesh/migrations/v0078_warn_if_non_migratable_python_env.py'> (migrator.py:177)
2025-09-07 00:50:48,515 - MainThread - sqlmesh.core.state_sync.db.migrator - INFO - Applying migration <module 'sqlmesh.migrations.v0079_add_gateway_managed_property' from '/Users/atishdhamala/Trail Trekker Data Pipeline/.venv/lib/python3.11/site-packages/sqlmesh/migrations/v0079_add_gateway_managed_property.py'> (migrator.py:177)
2025-09-07 00:50:48,515 - MainThread - sqlmesh.core.state_sync.db.migrator - INFO - Applying migration <module 'sqlmesh.migrations.v0080_add_batch_size_to_scd_type_2_models' from '/Users/atishdhamala/Trail Trekker Data Pipeline/.venv/lib/python3.11/site-packages/sqlmesh/migrations/v0080_add_batch_size_to_scd_type_2_models.py'> (migrator.py:177)
2025-09-07 00:50:48,515 - MainThread - sqlmesh.core.state_sync.db.migrator - INFO - Applying migration <module 'sqlmesh.migrations.v0081_update_partitioned_by' from '/Users/atishdhamala/Trail Trekker Data Pipeline/.venv/lib/python3.11/site-packages/sqlmesh/migrations/v0081_update_partitioned_by.py'> (migrator.py:177)
2025-09-07 00:50:48,516 - MainThread - sqlmesh.core.state_sync.db.migrator - INFO - Applying migration <module 'sqlmesh.migrations.v0082_warn_if_incorrectly_duplicated_statements' from '/Users/atishdhamala/Trail Trekker Data Pipeline/.venv/lib/python3.11/site-packages/sqlmesh/migrations/v0082_warn_if_incorrectly_duplicated_statements.py'> (migrator.py:177)
2025-09-07 00:50:48,516 - MainThread - sqlmesh.core.state_sync.db.migrator - INFO - Applying migration <module 'sqlmesh.migrations.v0083_use_sql_for_scd_time_data_type_data_hash' from '/Users/atishdhamala/Trail Trekker Data Pipeline/.venv/lib/python3.11/site-packages/sqlmesh/migrations/v0083_use_sql_for_scd_time_data_type_data_hash.py'> (migrator.py:177)
2025-09-07 00:50:48,516 - MainThread - sqlmesh.core.state_sync.db.migrator - INFO - Applying migration <module 'sqlmesh.migrations.v0084_normalize_quote_when_matched_and_merge_filter' from '/Users/atishdhamala/Trail Trekker Data Pipeline/.venv/lib/python3.11/site-packages/sqlmesh/migrations/v0084_normalize_quote_when_matched_and_merge_filter.py'> (migrator.py:177)
2025-09-07 00:50:48,516 - MainThread - sqlmesh.core.state_sync.db.migrator - INFO - Applying migration <module 'sqlmesh.migrations.v0085_deterministic_repr' from '/Users/atishdhamala/Trail Trekker Data Pipeline/.venv/lib/python3.11/site-packages/sqlmesh/migrations/v0085_deterministic_repr.py'> (migrator.py:177)
2025-09-07 00:50:48,516 - MainThread - sqlmesh.core.state_sync.db.migrator - INFO - Applying migration <module 'sqlmesh.migrations.v0086_check_deterministic_bug' from '/Users/atishdhamala/Trail Trekker Data Pipeline/.venv/lib/python3.11/site-packages/sqlmesh/migrations/v0086_check_deterministic_bug.py'> (migrator.py:177)
2025-09-07 00:50:48,517 - MainThread - sqlmesh.core.state_sync.db.migrator - INFO - Applying migration <module 'sqlmesh.migrations.v0087_normalize_blueprint_variables' from '/Users/atishdhamala/Trail Trekker Data Pipeline/.venv/lib/python3.11/site-packages/sqlmesh/migrations/v0087_normalize_blueprint_variables.py'> (migrator.py:177)
2025-09-07 00:50:48,517 - MainThread - sqlmesh.core.state_sync.db.migrator - INFO - Applying migration <module 'sqlmesh.migrations.v0088_warn_about_variable_python_env_diffs' from '/Users/atishdhamala/Trail Trekker Data Pipeline/.venv/lib/python3.11/site-packages/sqlmesh/migrations/v0088_warn_about_variable_python_env_diffs.py'> (migrator.py:177)
2025-09-07 00:50:48,517 - MainThread - sqlmesh.core.state_sync.db.migrator - INFO - Applying migration <module 'sqlmesh.migrations.v0089_add_virtual_environment_mode' from '/Users/atishdhamala/Trail Trekker Data Pipeline/.venv/lib/python3.11/site-packages/sqlmesh/migrations/v0089_add_virtual_environment_mode.py'> (migrator.py:177)
2025-09-07 00:50:48,517 - MainThread - sqlmesh.core.state_sync.db.migrator - INFO - Applying migration <module 'sqlmesh.migrations.v0090_add_forward_only_column' from '/Users/atishdhamala/Trail Trekker Data Pipeline/.venv/lib/python3.11/site-packages/sqlmesh/migrations/v0090_add_forward_only_column.py'> (migrator.py:177)
2025-09-07 00:50:48,518 - MainThread - sqlmesh.core.state_sync.db.migrator - INFO - Applying migration <module 'sqlmesh.migrations.v0091_on_additive_change' from '/Users/atishdhamala/Trail Trekker Data Pipeline/.venv/lib/python3.11/site-packages/sqlmesh/migrations/v0091_on_additive_change.py'> (migrator.py:177)
2025-09-07 00:50:48,518 - MainThread - sqlmesh.core.state_sync.db.migrator - INFO - Applying migration <module 'sqlmesh.migrations.v0092_warn_about_dbt_data_type_diff' from '/Users/atishdhamala/Trail Trekker Data Pipeline/.venv/lib/python3.11/site-packages/sqlmesh/migrations/v0092_warn_about_dbt_data_type_diff.py'> (migrator.py:177)
2025-09-07 00:50:48,518 - MainThread - sqlmesh.core.state_sync.db.migrator - INFO - Applying migration <module 'sqlmesh.migrations.v0093_use_raw_sql_in_fingerprint' from '/Users/atishdhamala/Trail Trekker Data Pipeline/.venv/lib/python3.11/site-packages/sqlmesh/migrations/v0093_use_raw_sql_in_fingerprint.py'> (migrator.py:177)
2025-09-07 00:50:48,518 - MainThread - sqlmesh.core.state_sync.db.migrator - INFO - Applying migration <module 'sqlmesh.migrations.v0094_add_dev_version_and_fingerprint_columns' from '/Users/atishdhamala/Trail Trekker Data Pipeline/.venv/lib/python3.11/site-packages/sqlmesh/migrations/v0094_add_dev_version_and_fingerprint_columns.py'> (migrator.py:177)
2025-09-07 00:50:48,519 - MainThread - sqlmesh.core.state_sync.db.migrator - INFO - Applying migration <module 'sqlmesh.migrations.v0095_warn_about_dbt_raw_sql_diff' from '/Users/atishdhamala/Trail Trekker Data Pipeline/.venv/lib/python3.11/site-packages/sqlmesh/migrations/v0095_warn_about_dbt_raw_sql_diff.py'> (migrator.py:177)
2025-09-07 00:50:48,520 - MainThread - sqlmesh.core.state_sync.db.migrator - INFO - Fetching environments (migrator.py:196)
2025-09-07 00:50:48,520 - MainThread - sqlmesh.core.state_sync.db.migrator - INFO - Migrating snapshot rows... (migrator.py:213)
2025-09-07 00:50:48,520 - MainThread - sqlmesh.core.state_sync.db.migrator - INFO - No changes to snapshots detected (migrator.py:206)
2025-09-07 01:14:32,771 - MainThread - sqlmesh.core.plan.evaluator - INFO - Evaluating plan stage CreateSnapshotRecordsStage (evaluator.py:125)
2025-09-07 01:14:32,784 - MainThread - sqlmesh.core.plan.evaluator - INFO - Evaluating plan stage PhysicalLayerSchemaCreationStage (evaluator.py:125)
2025-09-07 01:14:32,785 - MainThread - sqlmesh.core.snapshot.evaluator - INFO - Creating schema 'trail_trekker.sqlmesh__sqlmesh_example' (evaluator.py:1355)
2025-09-07 01:14:32,785 - MainThread - sqlmesh.core.engine_adapter.base - INFO - Executing SQL: /* SQLMESH_PLAN: 8d9c5f0b238646f4b8ef9517e6edbbf9 */ CREATE SCHEMA IF NOT EXISTS "trail_trekker"."sqlmesh__sqlmesh_example" (base.py:2466)
2025-09-07 01:14:32,785 - MainThread - sqlmesh.core.snapshot.evaluator - INFO - Creating schema 'trail_trekker.sqlmesh__staging' (evaluator.py:1355)
2025-09-07 01:14:32,785 - MainThread - sqlmesh.core.engine_adapter.base - INFO - Executing SQL: /* SQLMESH_PLAN: 8d9c5f0b238646f4b8ef9517e6edbbf9 */ CREATE SCHEMA IF NOT EXISTS "trail_trekker"."sqlmesh__staging" (base.py:2466)
2025-09-07 01:14:32,785 - MainThread - sqlmesh.core.plan.evaluator - INFO - Evaluating plan stage BackfillStage (evaluator.py:125)
2025-09-07 01:14:32,789 - MainThread - sqlmesh.core.snapshot.evaluator - INFO - Listing data objects in schema trail_trekker.sqlmesh__staging (evaluator.py:1458)
2025-09-07 01:14:32,790 - MainThread - sqlmesh.core.engine_adapter.base - INFO - Executing SQL: /* SQLMESH_PLAN: 8d9c5f0b238646f4b8ef9517e6edbbf9 */ SELECT CURRENT_CATALOG() (base.py:2466)
2025-09-07 01:14:32,790 - MainThread - sqlmesh.core.engine_adapter.base - INFO - Executing SQL: /* SQLMESH_PLAN: 8d9c5f0b238646f4b8ef9517e6edbbf9 */ SELECT CURRENT_CATALOG() (base.py:2466)
2025-09-07 01:14:32,790 - MainThread - sqlmesh.core.engine_adapter.base - INFO - Executing SQL: /* SQLMESH_PLAN: 8d9c5f0b238646f4b8ef9517e6edbbf9 */ SELECT table_name AS name, table_schema AS schema, CASE table_type WHEN 'BASE TABLE' THEN 'table' WHEN 'VIEW' THEN 'view' WHEN 'LOCAL TEMPORARY' THEN 'table' END AS type FROM system.information_schema.tables WHERE (table_catalog = 'trail_trekker' AND table_schema = 'sqlmesh__staging') AND table_name IN ('staging__subscriptions__3290787016', 'staging__customers__269777730', 'staging__features__1286944539', 'staging__plans__2517862684') (base.py:2466)
2025-09-07 01:14:32,792 - MainThread - sqlmesh.core.snapshot.evaluator - INFO - Listing data objects in schema trail_trekker.sqlmesh__sqlmesh_example (evaluator.py:1458)
2025-09-07 01:14:32,792 - MainThread - sqlmesh.core.engine_adapter.base - INFO - Executing SQL: /* SQLMESH_PLAN: 8d9c5f0b238646f4b8ef9517e6edbbf9 */ SELECT CURRENT_CATALOG() (base.py:2466)
2025-09-07 01:14:32,792 - MainThread - sqlmesh.core.engine_adapter.base - INFO - Executing SQL: /* SQLMESH_PLAN: 8d9c5f0b238646f4b8ef9517e6edbbf9 */ SELECT CURRENT_CATALOG() (base.py:2466)
2025-09-07 01:14:32,793 - MainThread - sqlmesh.core.engine_adapter.base - INFO - Executing SQL: /* SQLMESH_PLAN: 8d9c5f0b238646f4b8ef9517e6edbbf9 */ SELECT table_name AS name, table_schema AS schema, CASE table_type WHEN 'BASE TABLE' THEN 'table' WHEN 'VIEW' THEN 'view' WHEN 'LOCAL TEMPORARY' THEN 'table' END AS type FROM system.information_schema.tables WHERE (table_catalog = 'trail_trekker' AND table_schema = 'sqlmesh__sqlmesh_example') AND table_name IN ('sqlmesh_example__incremental_model__2019538', 'sqlmesh_example__seed_model__3896887493', 'sqlmesh_example__full_model__3532441660') (base.py:2466)
2025-09-07 01:14:32,796 - MainThread - sqlmesh.core.snapshot.evaluator - INFO - Evaluating snapshot SnapshotId<"trail_trekker"."sqlmesh_example"."seed_model": 1211946073> (evaluator.py:701)
2025-09-07 01:14:32,796 - MainThread - sqlmesh.core.snapshot.evaluator - INFO - Creating table 'trail_trekker.sqlmesh__sqlmesh_example.sqlmesh_example__seed_model__3896887493' (evaluator.py:1763)
2025-09-07 01:14:32,797 - MainThread - sqlmesh.core.engine_adapter.base - INFO - Executing SQL: /* SQLMESH_PLAN: 8d9c5f0b238646f4b8ef9517e6edbbf9 */ SELECT CURRENT_CATALOG() (base.py:2466)
2025-09-07 01:14:32,797 - MainThread - sqlmesh.core.engine_adapter.base - INFO - Executing SQL: /* SQLMESH_PLAN: 8d9c5f0b238646f4b8ef9517e6edbbf9 */ SELECT type FROM DUCKDB_DATABASES() WHERE database_name = 'trail_trekker' (base.py:2466)
2025-09-07 01:14:32,797 - MainThread - sqlmesh.core.engine_adapter.base - INFO - Executing SQL: /* SQLMESH_PLAN: 8d9c5f0b238646f4b8ef9517e6edbbf9 */ CREATE TABLE IF NOT EXISTS "trail_trekker"."sqlmesh__sqlmesh_example"."sqlmesh_example__seed_model__3896887493" ("id" INT, "item_id" INT, "event_date" DATE) (base.py:2466)
2025-09-07 01:14:32,803 - MainThread - sqlmesh.core.engine_adapter.base - INFO - Executing SQL: /* SQLMESH_PLAN: 8d9c5f0b238646f4b8ef9517e6edbbf9 */ SELECT CURRENT_CATALOG() (base.py:2466)
2025-09-07 01:14:32,803 - MainThread - sqlmesh.core.engine_adapter.base - INFO - Executing SQL: /* SQLMESH_PLAN: 8d9c5f0b238646f4b8ef9517e6edbbf9 */ SELECT CURRENT_CATALOG() (base.py:2466)
2025-09-07 01:14:32,804 - MainThread - sqlmesh.core.engine_adapter.base - INFO - Executing SQL: /* SQLMESH_PLAN: 8d9c5f0b238646f4b8ef9517e6edbbf9 */ SELECT table_name AS name, table_schema AS schema, CASE table_type WHEN 'BASE TABLE' THEN 'table' WHEN 'VIEW' THEN 'view' WHEN 'LOCAL TEMPORARY' THEN 'table' END AS type FROM system.information_schema.tables WHERE (table_catalog = 'trail_trekker' AND table_schema = 'sqlmesh__sqlmesh_example') AND table_name IN ('sqlmesh_example__seed_model__3896887493') (base.py:2466)
2025-09-07 01:14:32,807 - MainThread - sqlmesh.core.engine_adapter.base - INFO - Executing SQL: /* SQLMESH_PLAN: 8d9c5f0b238646f4b8ef9517e6edbbf9 */ SELECT CURRENT_CATALOG() (base.py:2466)
2025-09-07 01:14:32,807 - MainThread - sqlmesh.core.engine_adapter.base - INFO - Executing SQL: /* SQLMESH_PLAN: 8d9c5f0b238646f4b8ef9517e6edbbf9 */ SELECT type FROM DUCKDB_DATABASES() WHERE database_name = 'trail_trekker' (base.py:2466)
2025-09-07 01:14:32,808 - MainThread - sqlmesh.core.engine_adapter.base - INFO - Executing SQL: /* SQLMESH_PLAN: 8d9c5f0b238646f4b8ef9517e6edbbf9 */ CREATE OR REPLACE TABLE "trail_trekker"."sqlmesh__sqlmesh_example"."sqlmesh_example__seed_model__3896887493" AS SELECT CAST("id" AS INT) AS "id", CAST("item_id" AS INT) AS "item_id", CAST("event_date" AS DATE) AS "event_date" FROM (SELECT "id", "item_id", "event_date" FROM "trail_trekker"."sqlmesh__sqlmesh_example"."__temp_sqlmesh_example__seed_model__3896887493_azksbzzm") AS "_subquery" (base.py:2466)
2025-09-07 01:14:32,808 - MainThread - sqlmesh.core.engine_adapter.base - INFO - Executing SQL: /* SQLMESH_PLAN: 8d9c5f0b238646f4b8ef9517e6edbbf9 */ DROP TABLE IF EXISTS "trail_trekker"."sqlmesh__sqlmesh_example"."__temp_sqlmesh_example__seed_model__3896887493_azksbzzm" (base.py:2466)
2025-09-07 01:14:32,809 - MainThread - sqlmesh.core.state_sync.db.facade - INFO - Adding interval (2025-09-06 00:00:00, 2025-09-07 00:00:00) for snapshot SnapshotId<"trail_trekker"."sqlmesh_example"."seed_model": 1211946073> (facade.py:617)
2025-09-07 01:14:32,809 - MainThread - sqlmesh.core.state_sync.db.interval - INFO - Pushing intervals for snapshot SnapshotId<"trail_trekker"."sqlmesh_example"."seed_model": 1211946073> (interval.py:214)
2025-09-07 01:14:32,813 - MainThread - sqlmesh.core.snapshot.evaluator - INFO - Evaluating snapshot SnapshotId<"trail_trekker"."staging"."customers": 933313330> (evaluator.py:701)
2025-09-07 01:14:32,813 - MainThread - sqlmesh.core.snapshot.evaluator - INFO - Inserting data for snapshot SnapshotId<"trail_trekker"."staging"."customers": 933313330> (evaluator.py:905)
2025-09-07 01:14:32,815 - MainThread - sqlmesh.core.snapshot.evaluator - INFO - Inserting batch (2025-09-06 00:00:00, 2025-09-07 00:00:00) into trail_trekker.sqlmesh__staging.staging__customers__269777730' (evaluator.py:935)
2025-09-07 01:14:32,815 - MainThread - sqlmesh.core.engine_adapter.base - INFO - Executing SQL: /* SQLMESH_PLAN: 8d9c5f0b238646f4b8ef9517e6edbbf9 */ DESCRIBE "trail_trekker"."sqlmesh__staging"."staging__customers__269777730" (base.py:2466)
2025-09-07 01:14:32,815 - MainThread - sqlmesh.core.snapshot.evaluator - INFO - Replacing view 'trail_trekker.sqlmesh__staging.staging__customers__269777730' (evaluator.py:2349)
2025-09-07 01:14:32,816 - MainThread - sqlmesh.core.engine_adapter.base - INFO - Executing SQL: /* SQLMESH_PLAN: 8d9c5f0b238646f4b8ef9517e6edbbf9 */ SELECT CURRENT_CATALOG() (base.py:2466)
2025-09-07 01:14:32,816 - MainThread - sqlmesh.core.engine_adapter.base - INFO - Executing SQL: /* SQLMESH_PLAN: 8d9c5f0b238646f4b8ef9517e6edbbf9 */ SELECT CURRENT_CATALOG() (base.py:2466)
2025-09-07 01:14:32,817 - MainThread - sqlmesh.core.engine_adapter.base - INFO - Executing SQL: /* SQLMESH_PLAN: 8d9c5f0b238646f4b8ef9517e6edbbf9 */ SELECT table_name AS name, table_schema AS schema, CASE table_type WHEN 'BASE TABLE' THEN 'table' WHEN 'VIEW' THEN 'view' WHEN 'LOCAL TEMPORARY' THEN 'table' END AS type FROM system.information_schema.tables WHERE (table_catalog = 'trail_trekker' AND table_schema = 'sqlmesh__staging') AND table_name IN ('staging__customers__269777730') (base.py:2466)
2025-09-07 01:14:32,819 - MainThread - sqlmesh.core.engine_adapter.base - INFO - Executing SQL: /* SQLMESH_PLAN: 8d9c5f0b238646f4b8ef9517e6edbbf9 */ CREATE OR REPLACE VIEW "trail_trekker"."sqlmesh__staging"."staging__customers__269777730" ("customer_id", "username", "email", "phone", "first_name", "last_name", "birth_date", "difficulty_preference", "location_city", "location_state", "location_country", "profile_created_at", "total_hikes_logged", "favorite_trail_type") AS SELECT "customer_id" AS "customer_id", "username" AS "username", "email" AS "email", "phone" AS "phone", "first_name" AS "first_name", "last_name" AS "last_name", CAST("date_of_birth" AS TIMESTAMP) AS "birth_date", "preferred_difficulty" AS "difficulty_preference", "location_city" AS "location_city", "location_state" AS "location_state", "location_country" AS "location_country", CAST("profile_created_date" AS TIMESTAMP) AS "profile_created_at", "total_hikes_logged" AS "total_hikes_logged", "favorite_trail_type" AS "favorite_trail_type" FROM "trail_trekker"."raw"."customers" AS "customers" (base.py:2466)
2025-09-07 01:14:32,819 - MainThread - sqlmesh.core.snapshot.evaluator - INFO - Evaluating snapshot SnapshotId<"trail_trekker"."staging"."features": 2902867023> (evaluator.py:701)
2025-09-07 01:14:32,819 - MainThread - sqlmesh.core.snapshot.evaluator - INFO - Inserting data for snapshot SnapshotId<"trail_trekker"."staging"."features": 2902867023> (evaluator.py:905)
2025-09-07 01:14:32,821 - MainThread - sqlmesh.core.snapshot.evaluator - INFO - Inserting batch (2025-09-06 00:00:00, 2025-09-07 00:00:00) into trail_trekker.sqlmesh__staging.staging__features__1286944539' (evaluator.py:935)
2025-09-07 01:14:32,821 - MainThread - sqlmesh.core.engine_adapter.base - INFO - Executing SQL: /* SQLMESH_PLAN: 8d9c5f0b238646f4b8ef9517e6edbbf9 */ DESCRIBE "trail_trekker"."sqlmesh__staging"."staging__features__1286944539" (base.py:2466)
2025-09-07 01:14:32,821 - MainThread - sqlmesh.core.snapshot.evaluator - INFO - Replacing view 'trail_trekker.sqlmesh__staging.staging__features__1286944539' (evaluator.py:2349)
2025-09-07 01:14:32,821 - MainThread - sqlmesh.core.engine_adapter.base - INFO - Executing SQL: /* SQLMESH_PLAN: 8d9c5f0b238646f4b8ef9517e6edbbf9 */ SELECT CURRENT_CATALOG() (base.py:2466)
2025-09-07 01:14:32,821 - MainThread - sqlmesh.core.engine_adapter.base - INFO - Executing SQL: /* SQLMESH_PLAN: 8d9c5f0b238646f4b8ef9517e6edbbf9 */ SELECT CURRENT_CATALOG() (base.py:2466)
2025-09-07 01:14:32,822 - MainThread - sqlmesh.core.engine_adapter.base - INFO - Executing SQL: /* SQLMESH_PLAN: 8d9c5f0b238646f4b8ef9517e6edbbf9 */ SELECT table_name AS name, table_schema AS schema, CASE table_type WHEN 'BASE TABLE' THEN 'table' WHEN 'VIEW' THEN 'view' WHEN 'LOCAL TEMPORARY' THEN 'table' END AS type FROM system.information_schema.tables WHERE (table_catalog = 'trail_trekker' AND table_schema = 'sqlmesh__staging') AND table_name IN ('staging__features__1286944539') (base.py:2466)
2025-09-07 01:14:32,824 - MainThread - sqlmesh.core.engine_adapter.base - INFO - Executing SQL: /* SQLMESH_PLAN: 8d9c5f0b238646f4b8ef9517e6edbbf9 */ CREATE OR REPLACE VIEW "trail_trekker"."sqlmesh__staging"."staging__features__1286944539" ("feature_id", "feature_name", "feature_description", "feature_category") AS SELECT "feature_id" AS "feature_id", "feature_name" AS "feature_name", "feature_description" AS "feature_description", "feature_category" AS "feature_category" FROM "trail_trekker"."raw"."features" AS "features" (base.py:2466)
2025-09-07 01:14:32,824 - MainThread - sqlmesh.core.snapshot.evaluator - INFO - Evaluating snapshot SnapshotId<"trail_trekker"."staging"."plans": 1370147669> (evaluator.py:701)
2025-09-07 01:14:32,824 - MainThread - sqlmesh.core.snapshot.evaluator - INFO - Inserting data for snapshot SnapshotId<"trail_trekker"."staging"."plans": 1370147669> (evaluator.py:905)
2025-09-07 01:14:32,826 - MainThread - sqlmesh.core.snapshot.evaluator - INFO - Inserting batch (2025-09-06 00:00:00, 2025-09-07 00:00:00) into trail_trekker.sqlmesh__staging.staging__plans__2517862684' (evaluator.py:935)
2025-09-07 01:14:32,826 - MainThread - sqlmesh.core.engine_adapter.base - INFO - Executing SQL: /* SQLMESH_PLAN: 8d9c5f0b238646f4b8ef9517e6edbbf9 */ DESCRIBE "trail_trekker"."sqlmesh__staging"."staging__plans__2517862684" (base.py:2466)
2025-09-07 01:14:32,826 - MainThread - sqlmesh.core.snapshot.evaluator - INFO - Replacing view 'trail_trekker.sqlmesh__staging.staging__plans__2517862684' (evaluator.py:2349)
2025-09-07 01:14:32,826 - MainThread - sqlmesh.core.engine_adapter.base - INFO - Executing SQL: /* SQLMESH_PLAN: 8d9c5f0b238646f4b8ef9517e6edbbf9 */ SELECT CURRENT_CATALOG() (base.py:2466)
2025-09-07 01:14:32,826 - MainThread - sqlmesh.core.engine_adapter.base - INFO - Executing SQL: /* SQLMESH_PLAN: 8d9c5f0b238646f4b8ef9517e6edbbf9 */ SELECT CURRENT_CATALOG() (base.py:2466)
2025-09-07 01:14:32,827 - MainThread - sqlmesh.core.engine_adapter.base - INFO - Executing SQL: /* SQLMESH_PLAN: 8d9c5f0b238646f4b8ef9517e6edbbf9 */ SELECT table_name AS name, table_schema AS schema, CASE table_type WHEN 'BASE TABLE' THEN 'table' WHEN 'VIEW' THEN 'view' WHEN 'LOCAL TEMPORARY' THEN 'table' END AS type FROM system.information_schema.tables WHERE (table_catalog = 'trail_trekker' AND table_schema = 'sqlmesh__staging') AND table_name IN ('staging__plans__2517862684') (base.py:2466)
2025-09-07 01:14:32,829 - MainThread - sqlmesh.core.engine_adapter.base - INFO - Executing SQL: /* SQLMESH_PLAN: 8d9c5f0b238646f4b8ef9517e6edbbf9 */ CREATE OR REPLACE VIEW "trail_trekker"."sqlmesh__staging"."staging__plans__2517862684" ("plan_id", "plan_name", "plan_level", "monthly_price_usd_cents", "annual_price_usd_cents", "max_hikes_per_month", "photo_storage_gb", "plan_description") AS SELECT "plan_id" AS "plan_id", "plan_name" AS "plan_name", "plan_level" AS "plan_level", "monthly_price" * 100 AS "monthly_price_usd_cents", "annual_price" * 100 AS "annual_price_usd_cents", "max_hikes_per_month" AS "max_hikes_per_month", "photo_storage_gb" AS "photo_storage_gb", "description" AS "plan_description" FROM "trail_trekker"."raw"."plans" AS "plans" (base.py:2466)
2025-09-07 01:14:32,829 - MainThread - sqlmesh.core.snapshot.evaluator - INFO - Evaluating snapshot SnapshotId<"trail_trekker"."staging"."subscriptions": 3702679165> (evaluator.py:701)
2025-09-07 01:14:32,829 - MainThread - sqlmesh.core.snapshot.evaluator - INFO - Inserting data for snapshot SnapshotId<"trail_trekker"."staging"."subscriptions": 3702679165> (evaluator.py:905)
2025-09-07 01:14:32,830 - MainThread - sqlmesh.core.snapshot.evaluator - INFO - Inserting batch (2025-09-06 00:00:00, 2025-09-07 00:00:00) into trail_trekker.sqlmesh__staging.staging__subscriptions__3290787016' (evaluator.py:935)
2025-09-07 01:14:32,830 - MainThread - sqlmesh.core.engine_adapter.base - INFO - Executing SQL: /* SQLMESH_PLAN: 8d9c5f0b238646f4b8ef9517e6edbbf9 */ DESCRIBE "trail_trekker"."sqlmesh__staging"."staging__subscriptions__3290787016" (base.py:2466)
2025-09-07 01:14:32,831 - MainThread - sqlmesh.core.snapshot.evaluator - INFO - Replacing view 'trail_trekker.sqlmesh__staging.staging__subscriptions__3290787016' (evaluator.py:2349)
2025-09-07 01:14:32,831 - MainThread - sqlmesh.core.engine_adapter.base - INFO - Executing SQL: /* SQLMESH_PLAN: 8d9c5f0b238646f4b8ef9517e6edbbf9 */ SELECT CURRENT_CATALOG() (base.py:2466)
2025-09-07 01:14:32,831 - MainThread - sqlmesh.core.engine_adapter.base - INFO - Executing SQL: /* SQLMESH_PLAN: 8d9c5f0b238646f4b8ef9517e6edbbf9 */ SELECT CURRENT_CATALOG() (base.py:2466)
2025-09-07 01:14:32,831 - MainThread - sqlmesh.core.engine_adapter.base - INFO - Executing SQL: /* SQLMESH_PLAN: 8d9c5f0b238646f4b8ef9517e6edbbf9 */ SELECT table_name AS name, table_schema AS schema, CASE table_type WHEN 'BASE TABLE' THEN 'table' WHEN 'VIEW' THEN 'view' WHEN 'LOCAL TEMPORARY' THEN 'table' END AS type FROM system.information_schema.tables WHERE (table_catalog = 'trail_trekker' AND table_schema = 'sqlmesh__staging') AND table_name IN ('staging__subscriptions__3290787016') (base.py:2466)
2025-09-07 01:14:32,833 - MainThread - sqlmesh.core.engine_adapter.base - INFO - Executing SQL: /* SQLMESH_PLAN: 8d9c5f0b238646f4b8ef9517e6edbbf9 */ CREATE OR REPLACE VIEW "trail_trekker"."sqlmesh__staging"."staging__subscriptions__3290787016" ("subscription_id", "customer_id", "plan_id", "billing_cadence", "subscription_started_at", "subscription_ended_at", "subscription_status", "next_billing_at", "payment_method") AS SELECT "subscription_id" AS "subscription_id", "customer_id" AS "customer_id", "plan_id" AS "plan_id", "billing_cycle" AS "billing_cadence", CAST("subscription_start_date" AS TIMESTAMP) AS "subscription_started_at", CAST("subscription_end_date" AS TIMESTAMP) AS "subscription_ended_at", "status" AS "subscription_status", CAST("next_billing_date" AS TIMESTAMP) AS "next_billing_at", "payment_method" AS "payment_method" FROM "trail_trekker"."raw"."subscriptions" AS "subscriptions" (base.py:2466)
2025-09-07 01:14:32,833 - MainThread - sqlmesh.core.snapshot.evaluator - INFO - Creating a physical table for snapshot SnapshotId<"trail_trekker"."sqlmesh_example"."incremental_model": 1089929924> (evaluator.py:833)
2025-09-07 01:14:32,837 - MainThread - sqlmesh.core.snapshot.evaluator - INFO - Creating table 'trail_trekker.sqlmesh__sqlmesh_example.sqlmesh_example__incremental_model__2019538' (evaluator.py:1763)
2025-09-07 01:14:32,837 - MainThread - sqlmesh.core.engine_adapter.base - INFO - Executing SQL: /* SQLMESH_PLAN: 8d9c5f0b238646f4b8ef9517e6edbbf9 */ SELECT CURRENT_CATALOG() (base.py:2466)
2025-09-07 01:14:32,837 - MainThread - sqlmesh.core.engine_adapter.base - INFO - Executing SQL: /* SQLMESH_PLAN: 8d9c5f0b238646f4b8ef9517e6edbbf9 */ SELECT type FROM DUCKDB_DATABASES() WHERE database_name = 'trail_trekker' (base.py:2466)
2025-09-07 01:14:32,837 - MainThread - sqlmesh.core.engine_adapter.base - INFO - Executing SQL: /* SQLMESH_PLAN: 8d9c5f0b238646f4b8ef9517e6edbbf9 */ CREATE TABLE IF NOT EXISTS "trail_trekker"."sqlmesh__sqlmesh_example"."sqlmesh_example__incremental_model__2019538" ("id" INT, "item_id" INT, "event_date" DATE) (base.py:2466)
2025-09-07 01:14:32,838 - MainThread - sqlmesh.core.snapshot.evaluator - INFO - Dry running model 'sqlmesh_example.incremental_model' (evaluator.py:1785)
2025-09-07 01:14:32,838 - MainThread - sqlmesh.core.engine_adapter.base - INFO - Executing SQL: /* SQLMESH_PLAN: 8d9c5f0b238646f4b8ef9517e6edbbf9 */ SELECT "seed_model"."id" AS "id", "seed_model"."item_id" AS "item_id", "seed_model"."event_date" AS "event_date" FROM "trail_trekker"."sqlmesh__sqlmesh_example"."sqlmesh_example__seed_model__3896887493" AS "seed_model" WHERE ("seed_model"."event_date" <= CAST('1970-01-01' AS DATE) AND "seed_model"."event_date" >= CAST('1970-01-01' AS DATE)) AND FALSE LIMIT 0 (base.py:2466)
2025-09-07 01:14:32,838 - MainThread - sqlmesh.core.snapshot.evaluator - INFO - Evaluating snapshot SnapshotId<"trail_trekker"."sqlmesh_example"."incremental_model": 1089929924> (evaluator.py:701)
2025-09-07 01:14:32,838 - MainThread - sqlmesh.core.snapshot.evaluator - INFO - Inserting data for snapshot SnapshotId<"trail_trekker"."sqlmesh_example"."incremental_model": 1089929924> (evaluator.py:905)
2025-09-07 01:14:32,841 - MainThread - sqlmesh.core.snapshot.evaluator - INFO - Inserting batch (2020-01-01 00:00:00, 2025-09-07 00:00:00) into trail_trekker.sqlmesh__sqlmesh_example.sqlmesh_example__incremental_model__2019538' (evaluator.py:935)
2025-09-07 01:14:32,841 - MainThread - sqlmesh.core.engine_adapter.base - INFO - Executing SQL: /* SQLMESH_PLAN: 8d9c5f0b238646f4b8ef9517e6edbbf9 */ DELETE FROM "trail_trekker"."sqlmesh__sqlmesh_example"."sqlmesh_example__incremental_model__2019538" WHERE "event_date" BETWEEN CAST('2020-01-01' AS DATE) AND CAST('2025-09-06' AS DATE) (base.py:2466)
2025-09-07 01:14:32,842 - MainThread - sqlmesh.core.engine_adapter.base - INFO - Executing SQL: /* SQLMESH_PLAN: 8d9c5f0b238646f4b8ef9517e6edbbf9 */ INSERT INTO "trail_trekker"."sqlmesh__sqlmesh_example"."sqlmesh_example__incremental_model__2019538" ("id", "item_id", "event_date") SELECT "id", "item_id", "event_date" FROM (SELECT "seed_model"."id" AS "id", "seed_model"."item_id" AS "item_id", "seed_model"."event_date" AS "event_date" FROM "trail_trekker"."sqlmesh__sqlmesh_example"."sqlmesh_example__seed_model__3896887493" AS "seed_model" WHERE "seed_model"."event_date" <= CAST('2025-09-06' AS DATE) AND "seed_model"."event_date" >= CAST('2020-01-01' AS DATE)) AS "_subquery" WHERE "event_date" BETWEEN CAST('2020-01-01' AS DATE) AND CAST('2025-09-06' AS DATE) (base.py:2466)
2025-09-07 01:14:32,843 - MainThread - sqlmesh.core.state_sync.db.facade - INFO - Adding interval (2020-01-01 00:00:00, 2025-09-07 00:00:00) for snapshot SnapshotId<"trail_trekker"."sqlmesh_example"."incremental_model": 1089929924> (facade.py:617)
2025-09-07 01:14:32,843 - MainThread - sqlmesh.core.state_sync.db.interval - INFO - Pushing intervals for snapshot SnapshotId<"trail_trekker"."sqlmesh_example"."incremental_model": 1089929924> (interval.py:214)
2025-09-07 01:14:32,846 - MainThread - sqlmesh.core.snapshot.evaluator - INFO - Evaluating snapshot SnapshotId<"trail_trekker"."sqlmesh_example"."full_model": 866665114> (evaluator.py:701)
2025-09-07 01:14:32,848 - MainThread - sqlmesh.core.snapshot.evaluator - INFO - Creating table 'trail_trekker.sqlmesh__sqlmesh_example.sqlmesh_example__full_model__3532441660' (evaluator.py:1763)
2025-09-07 01:14:32,848 - MainThread - sqlmesh.core.engine_adapter.base - INFO - Executing SQL: /* SQLMESH_PLAN: 8d9c5f0b238646f4b8ef9517e6edbbf9 */ SELECT CURRENT_CATALOG() (base.py:2466)
2025-09-07 01:14:32,848 - MainThread - sqlmesh.core.engine_adapter.base - INFO - Executing SQL: /* SQLMESH_PLAN: 8d9c5f0b238646f4b8ef9517e6edbbf9 */ SELECT type FROM DUCKDB_DATABASES() WHERE database_name = 'trail_trekker' (base.py:2466)
2025-09-07 01:14:32,848 - MainThread - sqlmesh.core.engine_adapter.base - INFO - Executing SQL: /* SQLMESH_PLAN: 8d9c5f0b238646f4b8ef9517e6edbbf9 */ CREATE TABLE IF NOT EXISTS "trail_trekker"."sqlmesh__sqlmesh_example"."sqlmesh_example__full_model__3532441660" ("item_id" INT, "num_orders" BIGINT) (base.py:2466)
2025-09-07 01:14:32,849 - MainThread - sqlmesh.core.snapshot.evaluator - INFO - Inserting data for snapshot SnapshotId<"trail_trekker"."sqlmesh_example"."full_model": 866665114> (evaluator.py:905)
2025-09-07 01:14:32,850 - MainThread - sqlmesh.core.snapshot.evaluator - INFO - Inserting batch (2025-09-06 00:00:00, 2025-09-07 00:00:00) into trail_trekker.sqlmesh__sqlmesh_example.sqlmesh_example__full_model__3532441660' (evaluator.py:935)
2025-09-07 01:14:32,850 - MainThread - sqlmesh.core.engine_adapter.base - INFO - Executing SQL: /* SQLMESH_PLAN: 8d9c5f0b238646f4b8ef9517e6edbbf9 */ SELECT CURRENT_CATALOG() (base.py:2466)
2025-09-07 01:14:32,850 - MainThread - sqlmesh.core.engine_adapter.base - INFO - Executing SQL: /* SQLMESH_PLAN: 8d9c5f0b238646f4b8ef9517e6edbbf9 */ SELECT CURRENT_CATALOG() (base.py:2466)
2025-09-07 01:14:32,850 - MainThread - sqlmesh.core.engine_adapter.base - INFO - Executing SQL: /* SQLMESH_PLAN: 8d9c5f0b238646f4b8ef9517e6edbbf9 */ SELECT table_name AS name, table_schema AS schema, CASE table_type WHEN 'BASE TABLE' THEN 'table' WHEN 'VIEW' THEN 'view' WHEN 'LOCAL TEMPORARY' THEN 'table' END AS type FROM system.information_schema.tables WHERE (table_catalog = 'trail_trekker' AND table_schema = 'sqlmesh__sqlmesh_example') AND table_name IN ('sqlmesh_example__full_model__3532441660') (base.py:2466)
2025-09-07 01:14:32,852 - MainThread - sqlmesh.core.engine_adapter.base - INFO - Executing SQL: /* SQLMESH_PLAN: 8d9c5f0b238646f4b8ef9517e6edbbf9 */ SELECT CURRENT_CATALOG() (base.py:2466)
2025-09-07 01:14:32,852 - MainThread - sqlmesh.core.engine_adapter.base - INFO - Executing SQL: /* SQLMESH_PLAN: 8d9c5f0b238646f4b8ef9517e6edbbf9 */ SELECT type FROM DUCKDB_DATABASES() WHERE database_name = 'trail_trekker' (base.py:2466)
2025-09-07 01:14:32,853 - MainThread - sqlmesh.core.engine_adapter.base - INFO - Executing SQL: /* SQLMESH_PLAN: 8d9c5f0b238646f4b8ef9517e6edbbf9 */ CREATE OR REPLACE TABLE "trail_trekker"."sqlmesh__sqlmesh_example"."sqlmesh_example__full_model__3532441660" AS SELECT CAST("item_id" AS INT) AS "item_id", CAST("num_orders" AS BIGINT) AS "num_orders" FROM (SELECT "incremental_model"."item_id" AS "item_id", COUNT(DISTINCT "incremental_model"."id") AS "num_orders" FROM "trail_trekker"."sqlmesh__sqlmesh_example"."sqlmesh_example__incremental_model__2019538" AS "incremental_model" GROUP BY "incremental_model"."item_id") AS "_subquery" (base.py:2466)
2025-09-07 01:14:32,854 - MainThread - sqlmesh.core.snapshot.evaluator - INFO - Auditing snapshot SnapshotId<"trail_trekker"."sqlmesh_example"."full_model": 866665114> (evaluator.py:593)
2025-09-07 01:14:32,854 - MainThread - sqlmesh.core.engine_adapter.base - INFO - Executing SQL: /* SQLMESH_PLAN: 8d9c5f0b238646f4b8ef9517e6edbbf9 */ DESCRIBE "trail_trekker"."sqlmesh__sqlmesh_example"."sqlmesh_example__full_model__3532441660" (base.py:2466)
2025-09-07 01:14:32,856 - MainThread - sqlmesh.core.engine_adapter.base - INFO - Executing SQL: /* SQLMESH_PLAN: 8d9c5f0b238646f4b8ef9517e6edbbf9 */ SELECT COUNT(*) FROM (SELECT * FROM "trail_trekker"."sqlmesh__sqlmesh_example"."sqlmesh_example__full_model__3532441660" AS "sqlmesh_example__full_model__3532441660" WHERE "item_id" < 0) AS "audit" (base.py:2466)
2025-09-07 01:14:32,856 - MainThread - sqlmesh.core.state_sync.db.facade - INFO - Adding interval (2025-09-06 00:00:00, 2025-09-07 00:00:00) for snapshot SnapshotId<"trail_trekker"."sqlmesh_example"."full_model": 866665114> (facade.py:617)
2025-09-07 01:14:32,856 - MainThread - sqlmesh.core.state_sync.db.interval - INFO - Pushing intervals for snapshot SnapshotId<"trail_trekker"."sqlmesh_example"."full_model": 866665114> (interval.py:214)
2025-09-07 01:14:32,861 - MainThread - sqlmesh.core.scheduler - INFO - Execution failed for node EvaluateNode(snapshot_name='"trail_trekker"."staging"."customers"', interval=(1757116800000, 1757203200000), batch_index=0) (scheduler.py:588)
Traceback (most recent call last):
  File "/Users/atishdhamala/Trail Trekker Data Pipeline/.venv/lib/python3.11/site-packages/sqlmesh/utils/concurrency.py", line 234, in sequential_apply_to_dag
    fn(node)
  File "/Users/atishdhamala/Trail Trekker Data Pipeline/.venv/lib/python3.11/site-packages/sqlmesh/core/scheduler.py", line 525, in run_node
    audit_results = self.evaluate(
                    ^^^^^^^^^^^^^^
  File "/Users/atishdhamala/Trail Trekker Data Pipeline/.venv/lib/python3.11/site-packages/sqlmesh/core/scheduler.py", line 229, in evaluate
    wap_id = self.snapshot_evaluator.evaluate(
             ^^^^^^^^^^^^^^^^^^^^^^^^^^^^^^^^^
  File "/Users/atishdhamala/Trail Trekker Data Pipeline/.venv/lib/python3.11/site-packages/sqlmesh/core/snapshot/evaluator.py", line 182, in evaluate
    result = self._evaluate_snapshot(
             ^^^^^^^^^^^^^^^^^^^^^^^^
  File "/Users/atishdhamala/Trail Trekker Data Pipeline/.venv/lib/python3.11/site-packages/sqlmesh/core/snapshot/evaluator.py", line 792, in _evaluate_snapshot
    self._render_and_insert_snapshot(
  File "/Users/atishdhamala/Trail Trekker Data Pipeline/.venv/lib/python3.11/site-packages/sqlmesh/core/snapshot/evaluator.py", line 985, in _render_and_insert_snapshot
    apply(query_or_df, index)
  File "/Users/atishdhamala/Trail Trekker Data Pipeline/.venv/lib/python3.11/site-packages/sqlmesh/core/snapshot/evaluator.py", line 941, in apply
    evaluation_strategy.insert(
  File "/Users/atishdhamala/Trail Trekker Data Pipeline/.venv/lib/python3.11/site-packages/sqlmesh/core/snapshot/evaluator.py", line 2350, in insert
    self.adapter.create_view(
  File "/Users/atishdhamala/Trail Trekker Data Pipeline/.venv/lib/python3.11/site-packages/sqlmesh/core/engine_adapter/shared.py", line 312, in internal_wrapper
    return func(*list_args, **kwargs)
           ^^^^^^^^^^^^^^^^^^^^^^^^^^
  File "/Users/atishdhamala/Trail Trekker Data Pipeline/.venv/lib/python3.11/site-packages/sqlmesh/core/engine_adapter/base.py", line 1309, in create_view
    self.execute(
  File "/Users/atishdhamala/Trail Trekker Data Pipeline/.venv/lib/python3.11/site-packages/sqlmesh/core/engine_adapter/base.py", line 2443, in execute
    self._execute(sql, track_rows_processed, **kwargs)
  File "/Users/atishdhamala/Trail Trekker Data Pipeline/.venv/lib/python3.11/site-packages/sqlmesh/core/engine_adapter/base.py", line 2475, in _execute
    self.cursor.execute(sql, **kwargs)
duckdb.duckdb.CatalogException: Catalog Error: Table with name customers does not exist!
Did you mean "information_schema.columns"?

LINE 1: ...gged", "favorite_trail_type" AS "favorite_trail_type" FROM "trail_trekker"."raw"."customers" AS "customers"
                                                                      ^

The above exception was the direct cause of the following exception:

sqlmesh.utils.concurrency.NodeExecutionFailedError: Execution failed for node EvaluateNode(snapshot_name='"trail_trekker"."staging"."customers"', interval=(1757116800000, 1757203200000), batch_index=0)
2025-09-07 01:14:32,863 - MainThread - sqlmesh.core.scheduler - INFO - Execution failed for node EvaluateNode(snapshot_name='"trail_trekker"."staging"."features"', interval=(1757116800000, 1757203200000), batch_index=0) (scheduler.py:588)
Traceback (most recent call last):
  File "/Users/atishdhamala/Trail Trekker Data Pipeline/.venv/lib/python3.11/site-packages/sqlmesh/utils/concurrency.py", line 234, in sequential_apply_to_dag
    fn(node)
  File "/Users/atishdhamala/Trail Trekker Data Pipeline/.venv/lib/python3.11/site-packages/sqlmesh/core/scheduler.py", line 525, in run_node
    audit_results = self.evaluate(
                    ^^^^^^^^^^^^^^
  File "/Users/atishdhamala/Trail Trekker Data Pipeline/.venv/lib/python3.11/site-packages/sqlmesh/core/scheduler.py", line 229, in evaluate
    wap_id = self.snapshot_evaluator.evaluate(
             ^^^^^^^^^^^^^^^^^^^^^^^^^^^^^^^^^
  File "/Users/atishdhamala/Trail Trekker Data Pipeline/.venv/lib/python3.11/site-packages/sqlmesh/core/snapshot/evaluator.py", line 182, in evaluate
    result = self._evaluate_snapshot(
             ^^^^^^^^^^^^^^^^^^^^^^^^
  File "/Users/atishdhamala/Trail Trekker Data Pipeline/.venv/lib/python3.11/site-packages/sqlmesh/core/snapshot/evaluator.py", line 792, in _evaluate_snapshot
    self._render_and_insert_snapshot(
  File "/Users/atishdhamala/Trail Trekker Data Pipeline/.venv/lib/python3.11/site-packages/sqlmesh/core/snapshot/evaluator.py", line 985, in _render_and_insert_snapshot
    apply(query_or_df, index)
  File "/Users/atishdhamala/Trail Trekker Data Pipeline/.venv/lib/python3.11/site-packages/sqlmesh/core/snapshot/evaluator.py", line 941, in apply
    evaluation_strategy.insert(
  File "/Users/atishdhamala/Trail Trekker Data Pipeline/.venv/lib/python3.11/site-packages/sqlmesh/core/snapshot/evaluator.py", line 2350, in insert
    self.adapter.create_view(
  File "/Users/atishdhamala/Trail Trekker Data Pipeline/.venv/lib/python3.11/site-packages/sqlmesh/core/engine_adapter/shared.py", line 312, in internal_wrapper
    return func(*list_args, **kwargs)
           ^^^^^^^^^^^^^^^^^^^^^^^^^^
  File "/Users/atishdhamala/Trail Trekker Data Pipeline/.venv/lib/python3.11/site-packages/sqlmesh/core/engine_adapter/base.py", line 1309, in create_view
    self.execute(
  File "/Users/atishdhamala/Trail Trekker Data Pipeline/.venv/lib/python3.11/site-packages/sqlmesh/core/engine_adapter/base.py", line 2443, in execute
    self._execute(sql, track_rows_processed, **kwargs)
  File "/Users/atishdhamala/Trail Trekker Data Pipeline/.venv/lib/python3.11/site-packages/sqlmesh/core/engine_adapter/base.py", line 2475, in _execute
    self.cursor.execute(sql, **kwargs)
duckdb.duckdb.CatalogException: Catalog Error: Table with name features does not exist!
Did you mean "information_schema.tables"?

LINE 1: ...escription", "feature_category" AS "feature_category" FROM "trail_trekker"."raw"."features" AS "features"
                                                                      ^

The above exception was the direct cause of the following exception:

sqlmesh.utils.concurrency.NodeExecutionFailedError: Execution failed for node EvaluateNode(snapshot_name='"trail_trekker"."staging"."features"', interval=(1757116800000, 1757203200000), batch_index=0)
2025-09-07 01:14:32,863 - MainThread - sqlmesh.core.scheduler - INFO - Execution failed for node EvaluateNode(snapshot_name='"trail_trekker"."staging"."plans"', interval=(1757116800000, 1757203200000), batch_index=0) (scheduler.py:588)
Traceback (most recent call last):
  File "/Users/atishdhamala/Trail Trekker Data Pipeline/.venv/lib/python3.11/site-packages/sqlmesh/utils/concurrency.py", line 234, in sequential_apply_to_dag
    fn(node)
  File "/Users/atishdhamala/Trail Trekker Data Pipeline/.venv/lib/python3.11/site-packages/sqlmesh/core/scheduler.py", line 525, in run_node
    audit_results = self.evaluate(
                    ^^^^^^^^^^^^^^
  File "/Users/atishdhamala/Trail Trekker Data Pipeline/.venv/lib/python3.11/site-packages/sqlmesh/core/scheduler.py", line 229, in evaluate
    wap_id = self.snapshot_evaluator.evaluate(
             ^^^^^^^^^^^^^^^^^^^^^^^^^^^^^^^^^
  File "/Users/atishdhamala/Trail Trekker Data Pipeline/.venv/lib/python3.11/site-packages/sqlmesh/core/snapshot/evaluator.py", line 182, in evaluate
    result = self._evaluate_snapshot(
             ^^^^^^^^^^^^^^^^^^^^^^^^
  File "/Users/atishdhamala/Trail Trekker Data Pipeline/.venv/lib/python3.11/site-packages/sqlmesh/core/snapshot/evaluator.py", line 792, in _evaluate_snapshot
    self._render_and_insert_snapshot(
  File "/Users/atishdhamala/Trail Trekker Data Pipeline/.venv/lib/python3.11/site-packages/sqlmesh/core/snapshot/evaluator.py", line 985, in _render_and_insert_snapshot
    apply(query_or_df, index)
  File "/Users/atishdhamala/Trail Trekker Data Pipeline/.venv/lib/python3.11/site-packages/sqlmesh/core/snapshot/evaluator.py", line 941, in apply
    evaluation_strategy.insert(
  File "/Users/atishdhamala/Trail Trekker Data Pipeline/.venv/lib/python3.11/site-packages/sqlmesh/core/snapshot/evaluator.py", line 2350, in insert
    self.adapter.create_view(
  File "/Users/atishdhamala/Trail Trekker Data Pipeline/.venv/lib/python3.11/site-packages/sqlmesh/core/engine_adapter/shared.py", line 312, in internal_wrapper
    return func(*list_args, **kwargs)
           ^^^^^^^^^^^^^^^^^^^^^^^^^^
  File "/Users/atishdhamala/Trail Trekker Data Pipeline/.venv/lib/python3.11/site-packages/sqlmesh/core/engine_adapter/base.py", line 1309, in create_view
    self.execute(
  File "/Users/atishdhamala/Trail Trekker Data Pipeline/.venv/lib/python3.11/site-packages/sqlmesh/core/engine_adapter/base.py", line 2443, in execute
    self._execute(sql, track_rows_processed, **kwargs)
  File "/Users/atishdhamala/Trail Trekker Data Pipeline/.venv/lib/python3.11/site-packages/sqlmesh/core/engine_adapter/base.py", line 2475, in _execute
    self.cursor.execute(sql, **kwargs)
duckdb.duckdb.CatalogException: Catalog Error: Table with name plans does not exist!
Did you mean "pg_catalog.pg_class"?

LINE 1: ... "photo_storage_gb", "description" AS "plan_description" FROM "trail_trekker"."raw"."plans" AS "plans"
                                                                         ^

The above exception was the direct cause of the following exception:

sqlmesh.utils.concurrency.NodeExecutionFailedError: Execution failed for node EvaluateNode(snapshot_name='"trail_trekker"."staging"."plans"', interval=(1757116800000, 1757203200000), batch_index=0)
2025-09-07 01:14:32,864 - MainThread - sqlmesh.core.scheduler - INFO - Execution failed for node EvaluateNode(snapshot_name='"trail_trekker"."staging"."subscriptions"', interval=(1757116800000, 1757203200000), batch_index=0) (scheduler.py:588)
Traceback (most recent call last):
  File "/Users/atishdhamala/Trail Trekker Data Pipeline/.venv/lib/python3.11/site-packages/sqlmesh/utils/concurrency.py", line 234, in sequential_apply_to_dag
    fn(node)
  File "/Users/atishdhamala/Trail Trekker Data Pipeline/.venv/lib/python3.11/site-packages/sqlmesh/core/scheduler.py", line 525, in run_node
    audit_results = self.evaluate(
                    ^^^^^^^^^^^^^^
  File "/Users/atishdhamala/Trail Trekker Data Pipeline/.venv/lib/python3.11/site-packages/sqlmesh/core/scheduler.py", line 229, in evaluate
    wap_id = self.snapshot_evaluator.evaluate(
             ^^^^^^^^^^^^^^^^^^^^^^^^^^^^^^^^^
  File "/Users/atishdhamala/Trail Trekker Data Pipeline/.venv/lib/python3.11/site-packages/sqlmesh/core/snapshot/evaluator.py", line 182, in evaluate
    result = self._evaluate_snapshot(
             ^^^^^^^^^^^^^^^^^^^^^^^^
  File "/Users/atishdhamala/Trail Trekker Data Pipeline/.venv/lib/python3.11/site-packages/sqlmesh/core/snapshot/evaluator.py", line 792, in _evaluate_snapshot
    self._render_and_insert_snapshot(
  File "/Users/atishdhamala/Trail Trekker Data Pipeline/.venv/lib/python3.11/site-packages/sqlmesh/core/snapshot/evaluator.py", line 985, in _render_and_insert_snapshot
    apply(query_or_df, index)
  File "/Users/atishdhamala/Trail Trekker Data Pipeline/.venv/lib/python3.11/site-packages/sqlmesh/core/snapshot/evaluator.py", line 941, in apply
    evaluation_strategy.insert(
  File "/Users/atishdhamala/Trail Trekker Data Pipeline/.venv/lib/python3.11/site-packages/sqlmesh/core/snapshot/evaluator.py", line 2350, in insert
    self.adapter.create_view(
  File "/Users/atishdhamala/Trail Trekker Data Pipeline/.venv/lib/python3.11/site-packages/sqlmesh/core/engine_adapter/shared.py", line 312, in internal_wrapper
    return func(*list_args, **kwargs)
           ^^^^^^^^^^^^^^^^^^^^^^^^^^
  File "/Users/atishdhamala/Trail Trekker Data Pipeline/.venv/lib/python3.11/site-packages/sqlmesh/core/engine_adapter/base.py", line 1309, in create_view
    self.execute(
  File "/Users/atishdhamala/Trail Trekker Data Pipeline/.venv/lib/python3.11/site-packages/sqlmesh/core/engine_adapter/base.py", line 2443, in execute
    self._execute(sql, track_rows_processed, **kwargs)
  File "/Users/atishdhamala/Trail Trekker Data Pipeline/.venv/lib/python3.11/site-packages/sqlmesh/core/engine_adapter/base.py", line 2475, in _execute
    self.cursor.execute(sql, **kwargs)
duckdb.duckdb.CatalogException: Catalog Error: Table with name subscriptions does not exist!
Did you mean "pg_catalog.pg_description"?

LINE 1: ... "next_billing_at", "payment_method" AS "payment_method" FROM "trail_trekker"."raw"."subscriptions" AS "subscriptions"
                                                                         ^

The above exception was the direct cause of the following exception:

sqlmesh.utils.concurrency.NodeExecutionFailedError: Execution failed for node EvaluateNode(snapshot_name='"trail_trekker"."staging"."subscriptions"', interval=(1757116800000, 1757203200000), batch_index=0)
2025-09-07 01:14:32,865 - MainThread - sqlmesh.core.context - INFO - Plan application failed. (context.py:1729)
Traceback (most recent call last):
  File "/Users/atishdhamala/Trail Trekker Data Pipeline/.venv/lib/python3.11/site-packages/sqlmesh/core/context.py", line 1721, in apply
    self._apply(plan, circuit_breaker)
  File "/Users/atishdhamala/Trail Trekker Data Pipeline/.venv/lib/python3.11/site-packages/sqlmesh/core/context.py", line 2514, in _apply
    self._scheduler.create_plan_evaluator(self).evaluate(
  File "/Users/atishdhamala/Trail Trekker Data Pipeline/.venv/lib/python3.11/site-packages/sqlmesh/core/plan/evaluator.py", line 107, in evaluate
    self._evaluate_stages(plan_stages, plan)
  File "/Users/atishdhamala/Trail Trekker Data Pipeline/.venv/lib/python3.11/site-packages/sqlmesh/core/plan/evaluator.py", line 127, in _evaluate_stages
    handler(stage, plan)
  File "/Users/atishdhamala/Trail Trekker Data Pipeline/.venv/lib/python3.11/site-packages/sqlmesh/core/plan/evaluator.py", line 262, in visit_backfill_stage
    raise PlanError("Plan application failed.")
sqlmesh.utils.errors.PlanError: Plan application failed.
2025-09-07 01:14:32,872 - MainThread - root - INFO - Shutting down the event dispatcher (dispatcher.py:159)
